<?xml version="1.0" encoding="UTF-8" ?>
<testsuite failures="0" time="0.075" errors="0" skipped="0" tests="27" name="name.pehl.gwt.taoki.client.rest.UrlBuilderTest">
  <properties>
[...]
</properties>
  <testcase time="0.004" classname="name.pehl.gwt.taoki.client.rest.UrlBuilderTest" name="testBuildUrlWithNoData"/>
  <testcase time="0" classname="name.pehl.gwt.taoki.client.rest.UrlBuilderTest" name="testSetProtocol"/>
  <testcase time="0" classname="name.pehl.gwt.taoki.client.rest.UrlBuilderTest" name="testSetNullProtocol"/>
  <testcase time="0.001" classname="name.pehl.gwt.taoki.client.rest.UrlBuilderTest" name="testSetEmptyProtocol"/>
  <testcase time="0.001" classname="name.pehl.gwt.taoki.client.rest.UrlBuilderTest" name="testSetInvalidProtocol"/>
  <testcase time="0.001" classname="name.pehl.gwt.taoki.client.rest.UrlBuilderTest" name="testSetHost"/>
  <testcase time="0" classname="name.pehl.gwt.taoki.client.rest.UrlBuilderTest" name="testSetNullHost"/>
  <testcase time="0" classname="name.pehl.gwt.taoki.client.rest.UrlBuilderTest" name="testSetEmptyHost"/>
  <testcase time="0" classname="name.pehl.gwt.taoki.client.rest.UrlBuilderTest" name="testSetPort"/>
  <testcase time="0" classname="name.pehl.gwt.taoki.client.rest.UrlBuilderTest" name="testSetInvalidPort"/>
  <testcase time="0" classname="name.pehl.gwt.taoki.client.rest.UrlBuilderTest" name="testSetContext"/>
  <testcase time="0" classname="name.pehl.gwt.taoki.client.rest.UrlBuilderTest" name="testSetNullContext"/>
  <testcase time="0.001" classname="name.pehl.gwt.taoki.client.rest.UrlBuilderTest" name="testSetEmptyContext"/>
  <testcase time="0" classname="name.pehl.gwt.taoki.client.rest.UrlBuilderTest" name="testSetModule"/>
  <testcase time="0.001" classname="name.pehl.gwt.taoki.client.rest.UrlBuilderTest" name="testSetNullModule"/>
  <testcase time="0.001" classname="name.pehl.gwt.taoki.client.rest.UrlBuilderTest" name="testSetEmptyModule"/>
  <testcase time="0.001" classname="name.pehl.gwt.taoki.client.rest.UrlBuilderTest" name="testSetVersion"/>
  <testcase time="0.008" classname="name.pehl.gwt.taoki.client.rest.UrlBuilderTest" name="testSetNullVersion"/>
  <testcase time="0" classname="name.pehl.gwt.taoki.client.rest.UrlBuilderTest" name="testSetEmptyVersion"/>
  <testcase time="0.001" classname="name.pehl.gwt.taoki.client.rest.UrlBuilderTest" name="testAddResourcePath"/>
  <testcase time="0" classname="name.pehl.gwt.taoki.client.rest.UrlBuilderTest" name="testAddNullResourcePath"/>
  <testcase time="0" classname="name.pehl.gwt.taoki.client.rest.UrlBuilderTest" name="testAddEmptyResourcePath"/>
  <testcase time="0" classname="name.pehl.gwt.taoki.client.rest.UrlBuilderTest" name="testClearResourcePaths"/>
  <testcase time="0.002" classname="name.pehl.gwt.taoki.client.rest.UrlBuilderTest" name="testAddQueryParameter"/>
  <testcase time="0.001" classname="name.pehl.gwt.taoki.client.rest.UrlBuilderTest" name="testAddQueryParameterWithNullKey"/>
  <testcase time="0" classname="name.pehl.gwt.taoki.client.rest.UrlBuilderTest" name="testAddQueryParameterWithNullValues"/>
  <testcase time="0" classname="name.pehl.gwt.taoki.client.rest.UrlBuilderTest" name="testAddQueryParameterWithEmptyValues"/>
</testsuite>